#
# A fatal error has been detected by the Java Runtime Environment:
#
#  EXCEPTION_ACCESS_VIOLATION (0xc0000005) at pc=0x0000000003d8bdfd, pid=179844, tid=212832
#
# JRE version: Java(TM) SE Runtime Environment (8.0_25-b18) (build 1.8.0_25-b18)
# Java VM: Java HotSpot(TM) 64-Bit Server VM (25.25-b02 mixed mode windows-amd64 compressed oops)
# Problematic frame:
# J 2300  java.lang.Class.getName0()Ljava/lang/String; (0 bytes) @ 0x0000000003d8bdfd [0x0000000003d8bc40+0x1bd]
#
# Failed to write core dump. Minidumps are not enabled by default on client versions of Windows
#
# If you would like to submit a bug report, please visit:
#   http://bugreport.sun.com/bugreport/crash.jsp
#

---------------  T H R E A D  ---------------

Current thread (0x0000000003624800):  JavaThread "main" [_thread_in_Java, id=212832, stack(0x00000000033d0000,0x00000000034d0000)]

siginfo: ExceptionCode=0xc0000005, reading address 0x0000000000000a24

Registers:
RAX=0x0000000000000001, RBX=0x000000002c86c868, RCX=0x00000000267283e0, RDX=0x000000071c43e400
RSP=0x00000000034ce3a0, RBP=0x0000000000000a24, RSI=0x00000007c04a59a0, RDI=0x0000000030a3a828
R8 =0x00000005c23788c8, R9 =0x000000000000006f, R10=0x0000000000000000, R11=0x00000000040972a0
R12=0x0000000000000000, R13=0x00000000034ce390, R14=0x00000000034ce438, R15=0x0000000003624800
RIP=0x0000000003d8bdfd, EFLAGS=0x0000000000010206

Top of Stack: (sp=0x00000000034ce3a0)
0x00000000034ce3a0:   0000000002fbe9f8 0000000025d4c670
0x00000000034ce3b0:   00000000034ce420 00000000037277b0
0x00000000034ce3c0:   000000071e3f4708 00000000037277b0
0x00000000034ce3d0:   000000071c43e400 00000005c2378900
0x00000000034ce3e0:   00000000034ce3e0 0000000033fbfde6
0x00000000034ce3f0:   00000000034ce438 0000000033fbfe68
0x00000000034ce400:   0000000000000000 0000000033fbfdf8
0x00000000034ce410:   00000000034ce3d0 00000000034ce440
0x00000000034ce420:   00000000034ce440 00000000041dfe24
0x00000000034ce430:   000000071c43e400 000000071c43e828
0x00000000034ce440:   000000071e3fd450 00000000034ce448
0x00000000034ce450:   00000000034ce450 0000000032726c70
0x00000000034ce460:   00000000034ce4a0 00000000327995b0
0x00000000034ce470:   00000000034ce4e8 0000000003727958
0x00000000034ce480:   0000000000000000 0000000003727958
0x00000000034ce490:   000000071c43e828 000000071e3f4708 

Instructions: (pc=0x0000000003d8bdfd)
0x0000000003d8bddd:   89 97 d0 01 00 00 48 85 c0 0f 84 03 00 00 00 48
0x0000000003d8bded:   8b 00 49 8b 4f 38 c7 81 00 01 00 00 00 00 00 00
0x0000000003d8bdfd:   c9 49 81 7f 08 00 00 00 00 0f 85 01 00 00 00 c3
0x0000000003d8be0d:   e9 0e 47 99 ff 48 89 45 f8 4c 8b e4 48 83 ec 20 


Register to memory mapping:

RAX=0x0000000000000001 is an unknown value
RBX={method} {0x000000002c86c870} 'identity' '(Ljava/lang/Object;)Ljava/lang/Object;' in 'sun/invoke/util/ValueConversions'
RCX=0x00000000267283e0 is an unknown value
RDX=0x000000071c43e400 is an oop
org.springframework.beans.factory.support.AbstractAutowireCapableBeanFactory$$Lambda$270/969014795 
 - klass: 'org/springframework/beans/factory/support/AbstractAutowireCapableBeanFactory$$Lambda$270'
RSP=0x00000000034ce3a0 is pointing into the stack for thread: 0x0000000003624800
RBP=0x0000000000000a24 is an unknown value
RSI=0x00000007c04a59a0 is pointing into metadata
RDI=0x0000000030a3a828 is pointing into metadata
R8 =0x00000005c23788c8 is an oop
java.lang.invoke.MemberName 
 - klass: 'java/lang/invoke/MemberName'
R9 =0x000000000000006f is an unknown value
R10=0x0000000000000000 is an unknown value
R11=0x00000000040972a0 is at entry_point+0 in (nmethod*)0x0000000004097150
R12=0x0000000000000000 is an unknown value
R13=0x00000000034ce390 is pointing into the stack for thread: 0x0000000003624800
R14=0x00000000034ce438 is pointing into the stack for thread: 0x0000000003624800
R15=0x0000000003624800 is a thread


Stack: [0x00000000033d0000,0x00000000034d0000],  sp=0x00000000034ce3a0,  free space=1016k
Native frames: (J=compiled Java code, j=interpreted, Vv=VM code, C=native code)
C  0x0000000003d8bdfd


---------------  P R O C E S S  ---------------

Java Threads: ( => current thread )
  0x000000002a3ce800 JavaThread "Service Thread" daemon [_thread_blocked, id=118532, stack(0x000000002d580000,0x000000002d680000)]
  0x000000002a566000 JavaThread "C1 CompilerThread3" daemon [_thread_blocked, id=218776, stack(0x000000002d480000,0x000000002d580000)]
  0x000000002a565800 JavaThread "C2 CompilerThread2" daemon [_thread_in_native, id=191596, stack(0x000000002d380000,0x000000002d480000)]
  0x000000002a691000 JavaThread "C2 CompilerThread1" daemon [_thread_blocked, id=203760, stack(0x000000002d280000,0x000000002d380000)]
  0x0000000028991000 JavaThread "C2 CompilerThread0" daemon [_thread_blocked, id=204348, stack(0x0000000029500000,0x0000000029600000)]
  0x000000002a3c8800 JavaThread "AD Cloud Instance Id Getter-2" daemon [_thread_blocked, id=213452, stack(0x000000002c580000,0x000000002c680000)]
  0x000000002a2a1800 JavaThread "AD Cloud Instance Id Getter-1" daemon [_thread_blocked, id=211436, stack(0x000000002c480000,0x000000002c580000)]
  0x000000002a131800 JavaThread "AD Cloud Instance Id Getter-0" daemon [_thread_blocked, id=210848, stack(0x000000002c380000,0x000000002c480000)]
  0x000000002a06c800 JavaThread "AD Thread-Top Backends Processor0" daemon [_thread_blocked, id=210060, stack(0x000000002be80000,0x000000002bf80000)]
  0x000000002a053000 JavaThread "AD Deferred BCI Logger" daemon [_thread_blocked, id=220892, stack(0x000000002bb80000,0x000000002bc80000)]
  0x000000002a024000 JavaThread "AD Thread-Metric Reporter1" daemon [_thread_blocked, id=209904, stack(0x000000002ba80000,0x000000002bb80000)]
  0x000000002a01c800 JavaThread "AD Thread-Metric Reporter0" daemon [_thread_blocked, id=176348, stack(0x000000002b980000,0x000000002ba80000)]
  0x0000000029e95000 JavaThread "AD Thread-Config Poller" daemon [_thread_blocked, id=217004, stack(0x000000002b680000,0x000000002b780000)]
  0x00000000287be000 JavaThread "AD Thread Pool-Global1" daemon [_thread_blocked, id=53988, stack(0x000000002b580000,0x000000002b680000)]
  0x00000000287bd000 JavaThread "AD Thread Pool-Global0" daemon [_thread_blocked, id=213972, stack(0x000000002b1d0000,0x000000002b2d0000)]
  0x000000002673d000 JavaThread "Log4j2-TF-10-AsyncLoggerConfig-2" daemon [_thread_blocked, id=221092, stack(0x000000002b0d0000,0x000000002b1d0000)]
  0x000000002673c800 JavaThread "Log4j2-TF-9-Scheduled-1" daemon [_thread_blocked, id=218072, stack(0x000000002afd0000,0x000000002b0d0000)]
  0x0000000028742000 JavaThread "Attach Listener" daemon [_thread_blocked, id=219396, stack(0x0000000028c00000,0x0000000028d00000)]
  0x000000002872c800 JavaThread "Signal Dispatcher" daemon [_thread_blocked, id=210408, stack(0x0000000028b00000,0x0000000028c00000)]
  0x000000000371c000 JavaThread "Finalizer" daemon [_thread_blocked, id=187312, stack(0x0000000028600000,0x0000000028700000)]
  0x0000000003715800 JavaThread "Reference Handler" daemon [_thread_blocked, id=221200, stack(0x0000000028500000,0x0000000028600000)]
=>0x0000000003624800 JavaThread "main" [_thread_in_Java, id=212832, stack(0x00000000033d0000,0x00000000034d0000)]

Other Threads:
  0x0000000026727800 VMThread [stack: 0x0000000028400000,0x0000000028500000] [id=221192]
  0x000000002a68c800 WatcherThread [stack: 0x000000002d680000,0x000000002d780000] [id=212240]

VM state:not at safepoint (normal execution)

VM Mutex/Monitor currently owned by a thread: None

Heap:
 PSYoungGen      total 321536K, used 147031K [0x0000000715900000, 0x000000072e000000, 0x00000007c0000000)
  eden space 299520K, 49% used [0x0000000715900000,0x000000071e895ea0,0x0000000727d80000)
  from space 22016K, 0% used [0x0000000729300000,0x0000000729300000,0x000000072a880000)
  to   space 22016K, 0% used [0x0000000727d80000,0x0000000727d80000,0x0000000729300000)
 ParOldGen       total 488448K, used 30471K [0x00000005c0a00000, 0x00000005de700000, 0x0000000715900000)
  object space 488448K, 6% used [0x00000005c0a00000,0x00000005c27c1e60,0x00000005de700000)
 Metaspace       used 60395K, capacity 61928K, committed 62040K, reserved 1103872K
  class space    used 7971K, capacity 8274K, committed 8320K, reserved 1048576K

Card table byte_map: [0x0000000012ae0000,0x0000000013ae0000] byte_map_base: 0x000000000fcdb000

Marking Bits: (ParMarkBitMap*) 0x000000006b5dd490
 Begin Bits: [0x0000000014d90000, 0x000000001cd68000)
 End Bits:   [0x000000001cd68000, 0x0000000024d40000)

Polling page: 0x0000000002f40000

CodeCache: size=245760Kb used=12310Kb max_used=12314Kb free=233450Kb
 bounds [0x0000000003720000, 0x0000000004330000, 0x0000000012720000]
 total_blobs=4458 nmethods=3861 adapters=510
 compilation: enabled

Compilation events (10 events):
Event: 18.091 Thread 0x000000002a566000 nmethod 4008 0x0000000004320990 code [0x0000000004320b80, 0x0000000004321368]
Event: 18.091 Thread 0x000000002a566000 4009       3       sun.reflect.annotation.AnnotationParser::skipMemberValue (11 bytes)
Event: 18.091 Thread 0x000000002a566000 nmethod 4009 0x00000000043216d0 code [0x0000000004321840, 0x0000000004321a78]
Event: 18.094 Thread 0x000000002a565800 4010   !   4       org.apache.logging.log4j.core.async.AsyncLoggerConfig::log (82 bytes)
Event: 18.094 Thread 0x0000000028991000 4011       4       com.singularity.asm.org.objectweb.asm.tree.ClassNode::visitMethod (31 bytes)
Event: 18.095 Thread 0x000000002a566000 4012       3       java.util.concurrent.CopyOnWriteArraySet::iterator (8 bytes)
Event: 18.095 Thread 0x000000002a566000 nmethod 4012 0x0000000004321b50 code [0x0000000004321cc0, 0x0000000004322130]
Event: 18.095 Thread 0x000000002a566000 4013       3       org.springframework.core.annotation.AnnotationAttributes::getRequiredAttribute (79 bytes)
Event: 18.096 Thread 0x000000002a691000 4019       4       java.lang.invoke.LambdaForm$DMH/1046218193::invokeStatic_L_L (14 bytes)
Event: 18.096 Thread 0x000000002a691000 nmethod 4019 0x0000000004324fd0 code [0x0000000004325120, 0x00000000043251c8]

GC Heap History (10 events):
Event: 16.472 GC heap before
{Heap before GC invocations=7 (full 2):
 PSYoungGen      total 168448K, used 168119K [0x0000000715900000, 0x0000000721a00000, 0x00000007c0000000)
  eden space 154112K, 100% used [0x0000000715900000,0x000000071ef80000,0x000000071ef80000)
  from space 14336K, 97% used [0x0000000720c00000,0x00000007219adfb8,0x0000000721a00000)
  to   space 21504K, 0% used [0x000000071f000000,0x000000071f000000,0x0000000720500000)
 ParOldGen       total 457728K, used 34830K [0x00000005c0a00000, 0x00000005dc900000, 0x0000000715900000)
  object space 457728K, 7% used [0x00000005c0a00000,0x00000005c2c03898,0x00000005dc900000)
 Metaspace       used 49272K, capacity 49940K, committed 50176K, reserved 1093632K
  class space    used 6476K, capacity 6636K, committed 6656K, reserved 1048576K
Event: 16.481 GC heap after
Heap after GC invocations=7 (full 2):
 PSYoungGen      total 176128K, used 11722K [0x0000000715900000, 0x0000000724000000, 0x00000007c0000000)
  eden space 154624K, 0% used [0x0000000715900000,0x0000000715900000,0x000000071f000000)
  from space 21504K, 54% used [0x000000071f000000,0x000000071fb72940,0x0000000720500000)
  to   space 23040K, 0% used [0x0000000722980000,0x0000000722980000,0x0000000724000000)
 ParOldGen       total 457728K, used 34838K [0x00000005c0a00000, 0x00000005dc900000, 0x0000000715900000)
  object space 457728K, 7% used [0x00000005c0a00000,0x00000005c2c05898,0x00000005dc900000)
 Metaspace       used 49272K, capacity 49940K, committed 50176K, reserved 1093632K
  class space    used 6476K, capacity 6636K, committed 6656K, reserved 1048576K
}
Event: 17.140 GC heap before
{Heap before GC invocations=8 (full 2):
 PSYoungGen      total 176128K, used 166346K [0x0000000715900000, 0x0000000724000000, 0x00000007c0000000)
  eden space 154624K, 100% used [0x0000000715900000,0x000000071f000000,0x000000071f000000)
  from space 21504K, 54% used [0x000000071f000000,0x000000071fb72940,0x0000000720500000)
  to   space 23040K, 0% used [0x0000000722980000,0x0000000722980000,0x0000000724000000)
 ParOldGen       total 457728K, used 34838K [0x00000005c0a00000, 0x00000005dc900000, 0x0000000715900000)
  object space 457728K, 7% used [0x00000005c0a00000,0x00000005c2c05898,0x00000005dc900000)
 Metaspace       used 54848K, capacity 55934K, committed 56192K, reserved 1097728K
  class space    used 7229K, capacity 7459K, committed 7552K, reserved 1048576K
Event: 17.150 GC heap after
Heap after GC invocations=8 (full 2):
 PSYoungGen      total 214016K, used 13787K [0x0000000715900000, 0x0000000724e00000, 0x00000007c0000000)
  eden space 190976K, 0% used [0x0000000715900000,0x0000000715900000,0x0000000721380000)
  from space 23040K, 59% used [0x0000000722980000,0x00000007236f6f88,0x0000000724000000)
  to   space 22528K, 0% used [0x0000000721380000,0x0000000721380000,0x0000000722980000)
 ParOldGen       total 457728K, used 34910K [0x00000005c0a00000, 0x00000005dc900000, 0x0000000715900000)
  object space 457728K, 7% used [0x00000005c0a00000,0x00000005c2c178a8,0x00000005dc900000)
 Metaspace       used 54848K, capacity 55934K, committed 56192K, reserved 1097728K
  class space    used 7229K, capacity 7459K, committed 7552K, reserved 1048576K
}
Event: 17.322 GC heap before
{Heap before GC invocations=9 (full 2):
 PSYoungGen      total 214016K, used 114730K [0x0000000715900000, 0x0000000724e00000, 0x00000007c0000000)
  eden space 190976K, 52% used [0x0000000715900000,0x000000071bb939b0,0x0000000721380000)
  from space 23040K, 59% used [0x0000000722980000,0x00000007236f6f88,0x0000000724000000)
  to   space 22528K, 0% used [0x0000000721380000,0x0000000721380000,0x0000000722980000)
 ParOldGen       total 457728K, used 34910K [0x00000005c0a00000, 0x00000005dc900000, 0x0000000715900000)
  object space 457728K, 7% used [0x00000005c0a00000,0x00000005c2c178a8,0x00000005dc900000)
 Metaspace       used 57899K, capacity 59098K, committed 59352K, reserved 1101824K
  class space    used 7612K, capacity 7883K, committed 7936K, reserved 1048576K
Event: 17.332 GC heap after
Heap after GC invocations=9 (full 2):
 PSYoungGen      total 213504K, used 13116K [0x0000000715900000, 0x000000072a880000, 0x00000007c0000000)
  eden space 190976K, 0% used [0x0000000715900000,0x0000000715900000,0x0000000721380000)
  from space 22528K, 58% used [0x0000000721380000,0x000000072204f0c8,0x0000000722980000)
  to   space 22016K, 0% used [0x0000000729300000,0x0000000729300000,0x000000072a880000)
 ParOldGen       total 457728K, used 34918K [0x00000005c0a00000, 0x00000005dc900000, 0x0000000715900000)
  object space 457728K, 7% used [0x00000005c0a00000,0x00000005c2c198a8,0x00000005dc900000)
 Metaspace       used 57899K, capacity 59098K, committed 59352K, reserved 1101824K
  class space    used 7612K, capacity 7883K, committed 7936K, reserved 1048576K
}
Event: 17.350 GC heap before
{Heap before GC invocations=10 (full 2):
 PSYoungGen      total 213504K, used 25673K [0x0000000715900000, 0x000000072a880000, 0x00000007c0000000)
  eden space 190976K, 6% used [0x0000000715900000,0x0000000716543670,0x0000000721380000)
  from space 22528K, 58% used [0x0000000721380000,0x000000072204f0c8,0x0000000722980000)
  to   space 22016K, 0% used [0x0000000729300000,0x0000000729300000,0x000000072a880000)
 ParOldGen       total 457728K, used 34918K [0x00000005c0a00000, 0x00000005dc900000, 0x0000000715900000)
  object space 457728K, 7% used [0x00000005c0a00000,0x00000005c2c198a8,0x00000005dc900000)
 Metaspace       used 58164K, capacity 59392K, committed 59428K, reserved 1101824K
  class space    used 7652K, capacity 7916K, committed 7936K, reserved 1048576K
Event: 17.359 GC heap after
Heap after GC invocations=10 (full 2):
 PSYoungGen      total 321536K, used 10432K [0x0000000715900000, 0x000000072e000000, 0x00000007c0000000)
  eden space 299520K, 0% used [0x0000000715900000,0x0000000715900000,0x0000000727d80000)
  from space 22016K, 47% used [0x0000000729300000,0x0000000729d30098,0x000000072a880000)
  to   space 22016K, 0% used [0x0000000727d80000,0x0000000727d80000,0x0000000729300000)
 ParOldGen       total 457728K, used 34926K [0x00000005c0a00000, 0x00000005dc900000, 0x0000000715900000)
  object space 457728K, 7% used [0x00000005c0a00000,0x00000005c2c1b8a8,0x00000005dc900000)
 Metaspace       used 58164K, capacity 59392K, committed 59428K, reserved 1101824K
  class space    used 7652K, capacity 7916K, committed 7936K, reserved 1048576K
}
Event: 17.359 GC heap before
{Heap before GC invocations=11 (full 3):
 PSYoungGen      total 321536K, used 10432K [0x0000000715900000, 0x000000072e000000, 0x00000007c0000000)
  eden space 299520K, 0% used [0x0000000715900000,0x0000000715900000,0x0000000727d80000)
  from space 22016K, 47% used [0x0000000729300000,0x0000000729d30098,0x000000072a880000)
  to   space 22016K, 0% used [0x0000000727d80000,0x0000000727d80000,0x0000000729300000)
 ParOldGen       total 457728K, used 34926K [0x00000005c0a00000, 0x00000005dc900000, 0x0000000715900000)
  object space 457728K, 7% used [0x00000005c0a00000,0x00000005c2c1b8a8,0x00000005dc900000)
 Metaspace       used 58164K, capacity 59392K, committed 59428K, reserved 1101824K
  class space    used 7652K, capacity 7916K, committed 7936K, reserved 1048576K
Event: 17.497 GC heap after
Heap after GC invocations=11 (full 3):
 PSYoungGen      total 321536K, used 0K [0x0000000715900000, 0x000000072e000000, 0x00000007c0000000)
  eden space 299520K, 0% used [0x0000000715900000,0x0000000715900000,0x0000000727d80000)
  from space 22016K, 0% used [0x0000000729300000,0x0000000729300000,0x000000072a880000)
  to   space 22016K, 0% used [0x0000000727d80000,0x0000000727d80000,0x0000000729300000)
 ParOldGen       total 488448K, used 30471K [0x00000005c0a00000, 0x00000005de700000, 0x0000000715900000)
  object space 488448K, 6% used [0x00000005c0a00000,0x00000005c27c1e60,0x00000005de700000)
 Metaspace       used 56853K, capacity 58022K, committed 59428K, reserved 1101824K
  class space    used 7456K, capacity 7715K, committed 7936K, reserved 1048576K
}

Deoptimization events (10 events):
Event: 17.585 Thread 0x0000000003624800 Uncommon trap: reason=class_check action=maybe_recompile pc=0x000000000393feb4 method=java.lang.ThreadLocal$ThreadLocalMap.getEntryAfterMiss(Ljava/lang/ThreadLocal;ILjava/lang/ThreadLocal$ThreadLocalMap$Entry;)Ljava/lang/ThreadLocal$ThreadLocalMap$Entry; @Œ­VÜn˜1@
Event: 17.595 Thread 0x0000000003624800 Uncommon trap: reason=class_check action=maybe_recompile pc=0x0000000003943340 method=java.lang.ThreadLocal$ThreadLocalMap.getEntryAfterMiss(Ljava/lang/ThreadLocal;ILjava/lang/ThreadLocal$ThreadLocalMap$Entry;)Ljava/lang/ThreadLocal$ThreadLocalMap$Entry; @¹S:Xÿí1@
Event: 17.930 Thread 0x0000000003624800 Uncommon trap: reason=array_check action=maybe_recompile pc=0x00000000041e3de8 method=java.util.AbstractCollection.toArray([Ljava/lang/Object;)[Ljava/lang/Object; @ 119
Event: 17.930 Thread 0x0000000003624800 Uncommon trap: reason=array_check action=maybe_recompile pc=0x00000000041e3de8 method=java.util.AbstractCollection.toArray([Ljava/lang/Object;)[Ljava/lang/Object; @ 119
Event: 17.930 Thread 0x0000000003624800 Uncommon trap: reason=array_check action=maybe_recompile pc=0x00000000041e3de8 method=java.util.AbstractCollection.toArray([Ljava/lang/Object;)[Ljava/lang/Object; @ 119
Event: 17.930 Thread 0x0000000003624800 Uncommon trap: reason=array_check action=maybe_recompile pc=0x00000000041e3de8 method=java.util.AbstractCollection.toArray([Ljava/lang/Object;)[Ljava/lang/Object; @ 119
Event: 17.954 Thread 0x0000000003624800 Uncommon trap: reason=class_check action=maybe_recompile pc=0x000000000387dc94 method=java.lang.String.equals(Ljava/lang/Object;)Z @ 8
Event: 17.954 Thread 0x0000000003624800 Uncommon trap: reason=class_check action=maybe_recompile pc=0x000000000387dc94 method=java.lang.String.equals(Ljava/lang/Object;)Z @ 8
Event: 17.954 Thread 0x0000000003624800 Uncommon trap: reason=class_check action=maybe_recompile pc=0x000000000387dc94 method=java.lang.String.equals(Ljava/lang/Object;)Z @ 8
Event: 17.956 Thread 0x0000000003624800 Uncommon trap: reason=class_check action=maybe_recompile pc=0x000000000387dc94 method=java.lang.String.equals(Ljava/lang/Object;)Z @ 8

Internal exceptions (10 events):
Event: 18.092 Thread 0x0000000003624800 Exception <a 'java/security/PrivilegedActionException'> (0x000000071e2c0840) thrown at [D:\re\workspace\8-2-build-windows-amd64-cygwin\jdk8u25\1677\hotspot\src\share\vm\prims\jvm.cpp, line 1312]
Event: 18.092 Thread 0x0000000003624800 Exception <a 'java/security/PrivilegedActionException'> (0x000000071e2dc1c0) thrown at [D:\re\workspace\8-2-build-windows-amd64-cygwin\jdk8u25\1677\hotspot\src\share\vm\prims\jvm.cpp, line 1312]
Event: 18.093 Thread 0x0000000003624800 Exception <a 'java/security/PrivilegedActionException'> (0x000000071e2eb678) thrown at [D:\re\workspace\8-2-build-windows-amd64-cygwin\jdk8u25\1677\hotspot\src\share\vm\prims\jvm.cpp, line 1312]
Event: 18.093 Thread 0x0000000003624800 Exception <a 'java/security/PrivilegedActionException'> (0x000000071e2fa9c0) thrown at [D:\re\workspace\8-2-build-windows-amd64-cygwin\jdk8u25\1677\hotspot\src\share\vm\prims\jvm.cpp, line 1312]
Event: 18.093 Thread 0x0000000003624800 Exception <a 'java/security/PrivilegedActionException'> (0x000000071e334ee0) thrown at [D:\re\workspace\8-2-build-windows-amd64-cygwin\jdk8u25\1677\hotspot\src\share\vm\prims\jvm.cpp, line 1312]
Event: 18.094 Thread 0x0000000003624800 Exception <a 'java/security/PrivilegedActionException'> (0x000000071e3483f0) thrown at [D:\re\workspace\8-2-build-windows-amd64-cygwin\jdk8u25\1677\hotspot\src\share\vm\prims\jvm.cpp, line 1312]
Event: 18.094 Thread 0x0000000003624800 Exception <a 'java/security/PrivilegedActionException'> (0x000000071e35ee20) thrown at [D:\re\workspace\8-2-build-windows-amd64-cygwin\jdk8u25\1677\hotspot\src\share\vm\prims\jvm.cpp, line 1312]
Event: 18.095 Thread 0x0000000003624800 Exception <a 'java/security/PrivilegedActionException'> (0x000000071e3ca770) thrown at [D:\re\workspace\8-2-build-windows-amd64-cygwin\jdk8u25\1677\hotspot\src\share\vm\prims\jvm.cpp, line 1312]
Event: 18.095 Thread 0x0000000003624800 Exception <a 'java/security/PrivilegedActionException'> (0x000000071e3d8f28) thrown at [D:\re\workspace\8-2-build-windows-amd64-cygwin\jdk8u25\1677\hotspot\src\share\vm\prims\jvm.cpp, line 1312]
Event: 18.096 Thread 0x0000000003624800 Implicit null exception at 0x0000000003d8bdfd to 0x0000000000000000

Events (10 events):
Event: 18.093 loading class org/springframework/boot/availability/ApplicationAvailability
Event: 18.093 loading class org/springframework/boot/availability/ApplicationAvailability done
Event: 18.094 loading class org/springframework/boot/autoconfigure/jackson/JacksonAutoConfiguration$Jackson2ObjectMapperBuilderCustomizerConfiguration
Event: 18.094 loading class org/springframework/boot/autoconfigure/jackson/JacksonAutoConfiguration$Jackson2ObjectMapperBuilderCustomizerConfiguration done
Event: 18.094 loading class org/springframework/boot/autoconfigure/jackson/JacksonAutoConfiguration$Jackson2ObjectMapperBuilderCustomizerConfiguration$StandardJackson2ObjectMapperBuilderCustomizer
Event: 18.094 loading class org/springframework/boot/autoconfigure/jackson/JacksonAutoConfiguration$Jackson2ObjectMapperBuilderCustomizerConfiguration$StandardJackson2ObjectMapperBuilderCustomizer done
Event: 18.095 loading class org/springframework/boot/autoconfigure/jackson/Jackson2ObjectMapperBuilderCustomizer
Event: 18.095 loading class org/springframework/boot/autoconfigure/jackson/Jackson2ObjectMapperBuilderCustomizer done
Event: 18.095 loading class org/springframework/boot/autoconfigure/jackson/JacksonAutoConfiguration$JacksonObjectMapperBuilderConfiguration
Event: 18.095 loading class org/springframework/boot/autoconfigure/jackson/JacksonAutoConfiguration$JacksonObjectMapperBuilderConfiguration done


Dynamic libraries:
0x00007ff62f8a0000 - 0x00007ff62f8d4000 	D:\Software\Java\Jdk\jdk1.8.0_25\Jdk\bin\javaw.exe
0x00007ffd02480000 - 0x00007ffd02670000 	C:\WINDOWS\SYSTEM32\ntdll.dll
0x00007ffd01f50000 - 0x00007ffd02002000 	C:\WINDOWS\System32\KERNEL32.DLL
0x00007ffcff520000 - 0x00007ffcff7c5000 	C:\WINDOWS\System32\KERNELBASE.dll
0x00007ffd014d0000 - 0x00007ffd01573000 	C:\WINDOWS\System32\ADVAPI32.dll
0x00007ffd00dd0000 - 0x00007ffd00e6e000 	C:\WINDOWS\System32\msvcrt.dll
0x00007ffd01630000 - 0x00007ffd016c7000 	C:\WINDOWS\System32\sechost.dll
0x00007ffd00e80000 - 0x00007ffd00fa0000 	C:\WINDOWS\System32\RPCRT4.dll
0x00007ffd010e0000 - 0x00007ffd01274000 	C:\WINDOWS\System32\USER32.dll
0x00007ffcff900000 - 0x00007ffcff921000 	C:\WINDOWS\System32\win32u.dll
0x00007ffd014a0000 - 0x00007ffd014c6000 	C:\WINDOWS\System32\GDI32.dll
0x00007ffd00330000 - 0x00007ffd004c6000 	C:\WINDOWS\System32\gdi32full.dll
0x00007ffcff860000 - 0x00007ffcff8fe000 	C:\WINDOWS\System32\msvcp_win.dll
0x00007ffcff950000 - 0x00007ffcffa4a000 	C:\WINDOWS\System32\ucrtbase.dll
0x00007ffcef370000 - 0x00007ffcef5f4000 	C:\WINDOWS\WinSxS\amd64_microsoft.windows.common-controls_6595b64144ccf1df_6.0.18362.1256_none_9e7e379be45e40e2\COMCTL32.dll
0x00007ffd02010000 - 0x00007ffd02346000 	C:\WINDOWS\System32\combase.dll
0x00007ffcff7d0000 - 0x00007ffcff851000 	C:\WINDOWS\System32\bcryptPrimitives.dll
0x00007ffd01ea0000 - 0x00007ffd01ece000 	C:\WINDOWS\System32\IMM32.DLL
0x000000006dac0000 - 0x000000006db92000 	D:\Software\Java\Jdk\jdk1.8.0_25\Jdk\jre\bin\msvcr100.dll
0x000000006ae00000 - 0x000000006b65a000 	D:\Software\Java\Jdk\jdk1.8.0_25\Jdk\jre\bin\server\jvm.dll
0x00007ffd01ed0000 - 0x00007ffd01ed8000 	C:\WINDOWS\System32\PSAPI.DLL
0x00007ffcfde30000 - 0x00007ffcfde54000 	C:\WINDOWS\SYSTEM32\WINMM.dll
0x00007ffcf9500000 - 0x00007ffcf9509000 	C:\WINDOWS\SYSTEM32\WSOCK32.dll
0x00007ffd01ee0000 - 0x00007ffd01f4f000 	C:\WINDOWS\System32\WS2_32.dll
0x00007ffcfde00000 - 0x00007ffcfde2d000 	C:\WINDOWS\SYSTEM32\WINMMBASE.dll
0x00007ffcff4d0000 - 0x00007ffcff51a000 	C:\WINDOWS\System32\cfgmgr32.dll
0x000000006c230000 - 0x000000006c23f000 	D:\Software\Java\Jdk\jdk1.8.0_25\Jdk\jre\bin\verify.dll
0x000000006c200000 - 0x000000006c228000 	D:\Software\Java\Jdk\jdk1.8.0_25\Jdk\jre\bin\java.dll
0x000000006c1d0000 - 0x000000006c1f3000 	D:\Software\Java\Jdk\jdk1.8.0_25\Jdk\jre\bin\instrument.dll
0x000000006c1b0000 - 0x000000006c1c6000 	D:\Software\Java\Jdk\jdk1.8.0_25\Jdk\jre\bin\zip.dll
0x00007ffd00610000 - 0x00007ffd00cf7000 	C:\WINDOWS\System32\SHELL32.dll
0x00007ffd01d70000 - 0x00007ffd01e19000 	C:\WINDOWS\System32\shcore.dll
0x00007ffcffa50000 - 0x00007ffd001d1000 	C:\WINDOWS\System32\windows.storage.dll
0x00007ffcff4a0000 - 0x00007ffcff4c3000 	C:\WINDOWS\System32\profapi.dll
0x00007ffcff410000 - 0x00007ffcff45a000 	C:\WINDOWS\System32\powrprof.dll
0x00007ffcff400000 - 0x00007ffcff410000 	C:\WINDOWS\System32\UMPDC.dll
0x00007ffd01bb0000 - 0x00007ffd01c02000 	C:\WINDOWS\System32\shlwapi.dll
0x00007ffcff460000 - 0x00007ffcff471000 	C:\WINDOWS\System32\kernel.appcore.dll
0x00007ffcff930000 - 0x00007ffcff947000 	C:\WINDOWS\System32\cryptsp.dll
0x000000006c1a0000 - 0x000000006c1ad000 	D:\Software\Java\Jdk\jdk1.8.0_25\Jdk\jre\bin\management.dll
0x000000006c180000 - 0x000000006c19a000 	D:\Software\Java\Jdk\jdk1.8.0_25\Jdk\jre\bin\net.dll
0x00007ffcfec00000 - 0x00007ffcfec67000 	C:\WINDOWS\system32\mswsock.dll
0x00007ffced960000 - 0x00007ffced976000 	C:\WINDOWS\system32\napinsp.dll
0x00007ffced940000 - 0x00007ffced95a000 	C:\WINDOWS\system32\pnrpnsp.dll
0x00007ffcfe960000 - 0x00007ffcfea2b000 	C:\WINDOWS\SYSTEM32\DNSAPI.dll
0x00007ffd00e70000 - 0x00007ffd00e78000 	C:\WINDOWS\System32\NSI.dll
0x00007ffcfe920000 - 0x00007ffcfe95a000 	C:\WINDOWS\SYSTEM32\IPHLPAPI.DLL
0x00007ffcef2f0000 - 0x00007ffcef2fe000 	C:\WINDOWS\System32\winrnr.dll
0x00007ffcfba80000 - 0x00007ffcfba9c000 	C:\WINDOWS\system32\NLAapi.dll
0x00007ffcfb4a0000 - 0x00007ffcfb4b5000 	C:\WINDOWS\system32\wshbth.dll
0x00007ffcf72c0000 - 0x00007ffcf72ca000 	C:\Windows\System32\rasadhlp.dll
0x00007ffcf7e00000 - 0x00007ffcf7e77000 	C:\WINDOWS\System32\fwpuclnt.dll
0x00007ffd00580000 - 0x00007ffd005a6000 	C:\WINDOWS\System32\bcrypt.dll
0x00007ffcf8640000 - 0x00007ffcf8656000 	C:\WINDOWS\SYSTEM32\dhcpcsvc6.DLL
0x00007ffcf83c0000 - 0x00007ffcf83dc000 	C:\WINDOWS\SYSTEM32\dhcpcsvc.DLL
0x00007ffcfe780000 - 0x00007ffcfe7b3000 	C:\WINDOWS\system32\rsaenh.dll
0x00007ffcff320000 - 0x00007ffcff345000 	C:\WINDOWS\SYSTEM32\USERENV.dll
0x00007ffcfed80000 - 0x00007ffcfed8c000 	C:\WINDOWS\SYSTEM32\CRYPTBASE.dll
0x000000006c160000 - 0x000000006c171000 	D:\Software\Java\Jdk\jdk1.8.0_25\Jdk\jre\bin\nio.dll
0x000000006c130000 - 0x000000006c154000 	D:\Software\Java\Jdk\jdk1.8.0_25\Jdk\jre\bin\sunec.dll
0x00007ffcf3030000 - 0x00007ffcf3224000 	C:\WINDOWS\SYSTEM32\dbghelp.dll

VM Arguments:
jvm_args: -javaagent:C:\\Agent\\appdynamics\\javaagent.jar -Dfile.encoding=UTF-8 
java_command: com.amptester.ApmTesterApplication
java_class_path (initial): E:\Svn\Github\Apm-Tester\target\classes;C:\Users\gang\.m2\repository\org\springframework\boot\spring-boot-starter\2.6.1\spring-boot-starter-2.6.1.jar;C:\Users\gang\.m2\repository\org\springframework\boot\spring-boot\2.6.1\spring-boot-2.6.1.jar;C:\Users\gang\.m2\repository\org\springframework\spring-context\5.3.13\spring-context-5.3.13.jar;C:\Users\gang\.m2\repository\org\springframework\boot\spring-boot-autoconfigure\2.6.1\spring-boot-autoconfigure-2.6.1.jar;C:\Users\gang\.m2\repository\jakarta\annotation\jakarta.annotation-api\1.3.5\jakarta.annotation-api-1.3.5.jar;C:\Users\gang\.m2\repository\org\springframework\spring-core\5.3.13\spring-core-5.3.13.jar;C:\Users\gang\.m2\repository\org\springframework\spring-jcl\5.3.13\spring-jcl-5.3.13.jar;C:\Users\gang\.m2\repository\org\yaml\snakeyaml\1.29\snakeyaml-1.29.jar;C:\Users\gang\.m2\repository\org\springframework\boot\spring-boot-starter-web\2.6.1\spring-boot-starter-web-2.6.1.jar;C:\Users\gang\.m2\repository\org\springframework\boot\spring-boot-starter-json\2.6.1\spring-boot-starter-json-2.6.1.jar;C:\Users\gang\.m2\repository\com\fasterxml\jackson\core\jackson-databind\2.13.0\jackson-databind-2.13.0.jar;C:\Users\gang\.m2\repository\com\fasterxml\jackson\core\jackson-annotations\2.13.0\jackson-annotations-2.13.0.jar;C:\Users\gang\.m2\repository\com\fasterxml\jackson\core\jackson-core\2.13.0\jackson-core-2.13.0.jar;C:\Users\gang\.m2\repository\com\fasterxml\jackson\datatype\jackson-datatype-jdk8\2.13.0\jackson-datatype-jdk8-2.13.0.jar;C:\Users\gang\.m2\repository\com\fasterxml\jackson\datatype\jackson-datatype-jsr310\2.13.0\jackson-datatype-jsr310-2.13.0.jar;C:\Users\gang\.m2\repository\com\fasterxml\jackson\module\jackson-module-parameter-names\2.13.0\jackson-module-parameter-names-2.13.0.jar;C:\Users\gang\.m2\repository\org\springframework\boot\spring-boot-starter-tomcat\2.6.1\spring-boot-starter-tomcat-2.6.1.jar;C:\Users\gang\.m2\repository\org\apache\tomcat\embed\tomcat-embed-core\9.0.5
Launcher Type: SUN_STANDARD

Environment Variables:
JAVA_HOME=D:\Software\Java\Jdk\jdk-17.0.1
PATH=D:/Software/Java/Jdk/8/jdk1.8.0_45/Jdk/bin/../jre/bin/server;D:/Software/Java/Jdk/8/jdk1.8.0_45/Jdk/bin/../jre/bin;D:/Software/Java/Jdk/8/jdk1.8.0_45/Jdk/bin/../jre/lib/amd64;E:\Oculus\Support\oculus-runtime;C:\Program Files (x86)\Common Files\NetSarang;C:\Program Files (x86)\Intel\iCLS Client\;C:\Program Files\Intel\iCLS Client\;C:\Windows\system32;C:\Windows;C:\Windows\System32\Wbem;C:\Windows\System32\WindowsPowerShell\v1.0\;C:\Program Files\Intel\Intel(R) Management Engine Components\DAL;C:\Program Files (x86)\Intel\Intel(R) Management Engine Components\DAL;C:\Program Files\Intel\Intel(R) Management Engine Components\IPT;C:\Program Files (x86)\Intel\Intel(R) Management Engine Components\IPT;C:\Program Files\Intel\WiFi\bin\;C:\Program Files\Common Files\Intel\WirelessCommon\;D:\Software\Java\Jdk\8\jdk1.8.0_45\Jdk\bin;D:\Software\Java\Maven\3.3.3\bin;D:\Software\TortoiseSVN\bin;D:\Software\Nodejs\;D:\Software\TortoiseGit\bin;C:\Program Files (x86)\NVIDIA Corporation\PhysX\Common;D:\Software\Putty\;D:\Software\Git\cmd;D:\Software\Go\bin;C:\WINDOWS\system32;C:\WINDOWS;C:\WINDOWS\System32\Wbem;C:\WINDOWS\System32\WindowsPowerShell\v1.0\;C:\WINDOWS\System32\OpenSSH\;C:\Program Files\NVIDIA Corporation\NVIDIA NvDLISR;C:\Program Files\Docker\Docker\resources\bin;C:\ProgramData\DockerDesktop\version-bin;C:\Program Files\dotnet\;C:\Program Files\Intel\WiFi\bin\;C:\Program Files\Common Files\Intel\WirelessCommon\;C:\Users\gang\AppData\Roaming\npm;C:\Users\gang\go\bin;C:\Users\gang\AppData\Local\Microsoft\WindowsApps;D:\Software\Microsoft VS Code\bin;D:\Software\Java\android-sdk-windows\platform-tools;D:\Software\Java\android-sdk-windows\build-tools\28.0.3;D:\Software\Java\android-sdk-windows\tools;;D:\Software\Java\Eclipse\eclipse-jee-2018-12-R\eclipse;
USERNAME=gang
OS=Windows_NT
PROCESSOR_IDENTIFIER=Intel64 Family 6 Model 60 Stepping 3, GenuineIntel



---------------  S Y S T E M  ---------------

OS: Windows 8.1 , 64 bit Build 9600 

CPU:total 8 (4 cores per cpu, 2 threads per core) family 6 model 60 stepping 3, cmov, cx8, fxsr, mmx, sse, sse2, sse3, ssse3, sse4.1, sse4.2, popcnt, avx, avx2, aes, clmul, erms, lzcnt, ht, tsc, tscinvbit, bmi1, bmi2

Memory: 4k page, physical 33507936k(19476292k free), swap 38627936k(14507732k free)

vm_info: Java HotSpot(TM) 64-Bit Server VM (25.25-b02) for windows-amd64 JRE (1.8.0_25-b18), built on Oct  7 2014 14:25:37 by "java_re" with MS VC++ 10.0 (VS2010)

time: Sat Feb 26 21:59:01 2022
elapsed time: 18 seconds (0d 0h 0m 18s)

